[01-Oct-2019 13:04:37 UTC] PHP Parse error:  syntax error, unexpected '}' in /var/www/htdocs/wp-content/themes/disgnfly/inc/function-admin.php on line 23
[01-Oct-2019 13:06:37 UTC] PHP Parse error:  syntax error, unexpected '}' in /var/www/htdocs/wp-content/themes/disgnfly/inc/function-admin.php on line 23
[01-Oct-2019 13:07:00 UTC] PHP Parse error:  syntax error, unexpected '}' in /var/www/htdocs/wp-content/themes/disgnfly/inc/function-admin.php on line 23
[01-Oct-2019 13:17:00 UTC] PHP Parse error:  syntax error, unexpected '}' in /var/www/htdocs/wp-content/themes/disgnfly/inc/function-admin.php on line 23
[01-Oct-2019 13:27:00 UTC] PHP Parse error:  syntax error, unexpected '}' in /var/www/htdocs/wp-content/themes/disgnfly/inc/function-admin.php on line 23
[01-Oct-2019 13:37:00 UTC] PHP Parse error:  syntax error, unexpected '}' in /var/www/htdocs/wp-content/themes/disgnfly/inc/function-admin.php on line 23
[01-Oct-2019 13:47:00 UTC] PHP Parse error:  syntax error, unexpected '}' in /var/www/htdocs/wp-content/themes/disgnfly/inc/function-admin.php on line 23
[01-Oct-2019 13:57:00 UTC] PHP Parse error:  syntax error, unexpected '}' in /var/www/htdocs/wp-content/themes/disgnfly/inc/function-admin.php on line 23
[01-Oct-2019 14:07:00 UTC] PHP Parse error:  syntax error, unexpected '}' in /var/www/htdocs/wp-content/themes/disgnfly/inc/function-admin.php on line 23
[01-Oct-2019 14:17:00 UTC] PHP Parse error:  syntax error, unexpected '}' in /var/www/htdocs/wp-content/themes/disgnfly/inc/function-admin.php on line 23
[01-Oct-2019 14:27:00 UTC] PHP Parse error:  syntax error, unexpected '}' in /var/www/htdocs/wp-content/themes/disgnfly/inc/function-admin.php on line 23
[01-Oct-2019 14:37:00 UTC] PHP Parse error:  syntax error, unexpected '}' in /var/www/htdocs/wp-content/themes/disgnfly/inc/function-admin.php on line 23
[01-Oct-2019 14:47:00 UTC] PHP Parse error:  syntax error, unexpected '}' in /var/www/htdocs/wp-content/themes/disgnfly/inc/function-admin.php on line 23
[01-Oct-2019 14:57:00 UTC] PHP Parse error:  syntax error, unexpected '}' in /var/www/htdocs/wp-content/themes/disgnfly/inc/function-admin.php on line 23
[01-Oct-2019 15:07:00 UTC] PHP Parse error:  syntax error, unexpected '}' in /var/www/htdocs/wp-content/themes/disgnfly/inc/function-admin.php on line 23
[01-Oct-2019 15:17:00 UTC] PHP Parse error:  syntax error, unexpected '}' in /var/www/htdocs/wp-content/themes/disgnfly/inc/function-admin.php on line 23
[01-Oct-2019 15:27:00 UTC] PHP Parse error:  syntax error, unexpected '}' in /var/www/htdocs/wp-content/themes/disgnfly/inc/function-admin.php on line 23
[01-Oct-2019 15:37:00 UTC] PHP Parse error:  syntax error, unexpected '}' in /var/www/htdocs/wp-content/themes/disgnfly/inc/function-admin.php on line 23
[01-Oct-2019 15:47:00 UTC] PHP Parse error:  syntax error, unexpected '}' in /var/www/htdocs/wp-content/themes/disgnfly/inc/function-admin.php on line 23
[01-Oct-2019 15:57:00 UTC] PHP Parse error:  syntax error, unexpected '}' in /var/www/htdocs/wp-content/themes/disgnfly/inc/function-admin.php on line 23
[01-Oct-2019 16:07:00 UTC] PHP Parse error:  syntax error, unexpected '}' in /var/www/htdocs/wp-content/themes/disgnfly/inc/function-admin.php on line 23
[01-Oct-2019 16:17:00 UTC] PHP Parse error:  syntax error, unexpected '}' in /var/www/htdocs/wp-content/themes/disgnfly/inc/function-admin.php on line 23
[01-Oct-2019 16:27:00 UTC] PHP Parse error:  syntax error, unexpected '}' in /var/www/htdocs/wp-content/themes/disgnfly/inc/function-admin.php on line 23
[01-Oct-2019 16:37:00 UTC] PHP Parse error:  syntax error, unexpected '}' in /var/www/htdocs/wp-content/themes/disgnfly/inc/function-admin.php on line 23
[01-Oct-2019 16:45:43 UTC] PHP Parse error:  syntax error, unexpected '}' in /var/www/htdocs/wp-content/themes/disgnfly/inc/function-admin.php on line 23
[01-Oct-2019 16:46:43 UTC] PHP Parse error:  syntax error, unexpected '}' in /var/www/htdocs/wp-content/themes/disgnfly/inc/function-admin.php on line 23
[01-Oct-2019 16:47:00 UTC] PHP Parse error:  syntax error, unexpected ',' in /var/www/htdocs/wp-content/themes/disgnfly/inc/function-admin.php on line 22
[01-Oct-2019 16:48:43 UTC] PHP Parse error:  syntax error, unexpected ')' in /var/www/htdocs/wp-content/themes/disgnfly/inc/function-admin.php on line 28
[01-Oct-2019 16:50:43 UTC] PHP Parse error:  syntax error, unexpected '''' (T_CONSTANT_ENCAPSED_STRING), expecting ',' or ')' in /var/www/htdocs/wp-content/themes/disgnfly/inc/function-admin.php on line 27
[01-Oct-2019 16:52:43 UTC] PHP Parse error:  syntax error, unexpected ')' in /var/www/htdocs/wp-content/themes/disgnfly/inc/function-admin.php on line 28
[01-Oct-2019 16:52:56 UTC] PHP Parse error:  syntax error, unexpected ')' in /var/www/htdocs/wp-content/themes/disgnfly/inc/function-admin.php on line 28
[01-Oct-2019 16:52:57 UTC] PHP Parse error:  syntax error, unexpected ')' in /var/www/htdocs/wp-content/themes/disgnfly/inc/function-admin.php on line 28
[01-Oct-2019 16:54:15 UTC] PHP Parse error:  syntax error, unexpected ')' in /var/www/htdocs/wp-content/themes/disgnfly/inc/function-admin.php on line 28
[01-Oct-2019 16:55:15 UTC] PHP Parse error:  syntax error, unexpected ')' in /var/www/htdocs/wp-content/themes/disgnfly/inc/function-admin.php on line 28
[01-Oct-2019 16:55:16 UTC] PHP Parse error:  syntax error, unexpected ')' in /var/www/htdocs/wp-content/themes/disgnfly/inc/function-admin.php on line 28
[01-Oct-2019 16:55:16 UTC] PHP Parse error:  syntax error, unexpected ')' in /var/www/htdocs/wp-content/themes/disgnfly/inc/function-admin.php on line 28
[01-Oct-2019 16:55:16 UTC] PHP Parse error:  syntax error, unexpected ')' in /var/www/htdocs/wp-content/themes/disgnfly/inc/function-admin.php on line 28
[01-Oct-2019 16:55:16 UTC] PHP Parse error:  syntax error, unexpected ')' in /var/www/htdocs/wp-content/themes/disgnfly/inc/function-admin.php on line 28
[01-Oct-2019 16:55:25 UTC] PHP Parse error:  syntax error, unexpected ')' in /var/www/htdocs/wp-content/themes/disgnfly/inc/function-admin.php on line 28
[01-Oct-2019 16:59:13 UTC] PHP Parse error:  syntax error, unexpected ')' in /var/www/htdocs/wp-content/themes/disgnfly/inc/function-admin.php on line 28
[01-Oct-2019 16:59:13 UTC] PHP Parse error:  syntax error, unexpected ')' in /var/www/htdocs/wp-content/themes/disgnfly/inc/function-admin.php on line 28
[01-Oct-2019 19:41:41 UTC] PHP Parse error:  syntax error, unexpected ')' in /var/www/htdocs/wp-content/themes/disgnfly/inc/function-admin.php on line 28
[01-Oct-2019 19:41:41 UTC] PHP Parse error:  syntax error, unexpected ')' in /var/www/htdocs/wp-content/themes/disgnfly/inc/function-admin.php on line 28
[01-Oct-2019 19:41:42 UTC] PHP Parse error:  syntax error, unexpected ')' in /var/www/htdocs/wp-content/themes/disgnfly/inc/function-admin.php on line 28
[01-Oct-2019 19:41:42 UTC] PHP Parse error:  syntax error, unexpected ')' in /var/www/htdocs/wp-content/themes/disgnfly/inc/function-admin.php on line 28
[01-Oct-2019 19:42:03 UTC] PHP Parse error:  syntax error, unexpected ')' in /var/www/htdocs/wp-content/themes/disgnfly/inc/function-admin.php on line 28
[01-Oct-2019 19:42:04 UTC] PHP Parse error:  syntax error, unexpected ')' in /var/www/htdocs/wp-content/themes/disgnfly/inc/function-admin.php on line 28
[01-Oct-2019 19:42:05 UTC] PHP Parse error:  syntax error, unexpected ')' in /var/www/htdocs/wp-content/themes/disgnfly/inc/function-admin.php on line 28
[01-Oct-2019 19:42:05 UTC] PHP Parse error:  syntax error, unexpected ')' in /var/www/htdocs/wp-content/themes/disgnfly/inc/function-admin.php on line 28
[01-Oct-2019 19:42:08 UTC] PHP Parse error:  syntax error, unexpected ')' in /var/www/htdocs/wp-content/themes/disgnfly/inc/function-admin.php on line 28
[01-Oct-2019 19:42:14 UTC] PHP Parse error:  syntax error, unexpected ')' in /var/www/htdocs/wp-content/themes/disgnfly/inc/function-admin.php on line 28
[01-Oct-2019 19:42:15 UTC] PHP Parse error:  syntax error, unexpected ')' in /var/www/htdocs/wp-content/themes/disgnfly/inc/function-admin.php on line 28
[01-Oct-2019 19:42:15 UTC] PHP Parse error:  syntax error, unexpected ')' in /var/www/htdocs/wp-content/themes/disgnfly/inc/function-admin.php on line 28
[01-Oct-2019 19:42:19 UTC] PHP Parse error:  syntax error, unexpected ')' in /var/www/htdocs/wp-content/themes/disgnfly/inc/function-admin.php on line 28
[01-Oct-2019 19:44:27 UTC] PHP Parse error:  syntax error, unexpected ')' in /var/www/htdocs/wp-content/themes/disgnfly/inc/function-admin.php on line 28
[01-Oct-2019 19:44:28 UTC] PHP Parse error:  syntax error, unexpected ')' in /var/www/htdocs/wp-content/themes/disgnfly/inc/function-admin.php on line 28
[01-Oct-2019 19:44:45 UTC] PHP Parse error:  syntax error, unexpected ')' in /var/www/htdocs/wp-content/themes/disgnfly/inc/function-admin.php on line 28
[01-Oct-2019 19:44:46 UTC] PHP Parse error:  syntax error, unexpected ')' in /var/www/htdocs/wp-content/themes/disgnfly/inc/function-admin.php on line 28
[01-Oct-2019 19:44:46 UTC] PHP Parse error:  syntax error, unexpected ')' in /var/www/htdocs/wp-content/themes/disgnfly/inc/function-admin.php on line 28
[01-Oct-2019 19:44:46 UTC] PHP Parse error:  syntax error, unexpected ')' in /var/www/htdocs/wp-content/themes/disgnfly/inc/function-admin.php on line 28
[01-Oct-2019 19:44:50 UTC] PHP Parse error:  syntax error, unexpected ')' in /var/www/htdocs/wp-content/themes/disgnfly/inc/function-admin.php on line 28
[01-Oct-2019 19:44:50 UTC] PHP Parse error:  syntax error, unexpected ')' in /var/www/htdocs/wp-content/themes/disgnfly/inc/function-admin.php on line 28
[01-Oct-2019 19:44:51 UTC] PHP Parse error:  syntax error, unexpected ')' in /var/www/htdocs/wp-content/themes/disgnfly/inc/function-admin.php on line 28
[01-Oct-2019 19:44:51 UTC] PHP Parse error:  syntax error, unexpected ')' in /var/www/htdocs/wp-content/themes/disgnfly/inc/function-admin.php on line 28
[01-Oct-2019 19:45:00 UTC] PHP Parse error:  syntax error, unexpected ')' in /var/www/htdocs/wp-content/themes/disgnfly/inc/function-admin.php on line 39
[01-Oct-2019 19:45:00 UTC] PHP Parse error:  syntax error, unexpected ')' in /var/www/htdocs/wp-content/themes/disgnfly/inc/function-admin.php on line 39
[01-Oct-2019 19:45:01 UTC] PHP Parse error:  syntax error, unexpected ')' in /var/www/htdocs/wp-content/themes/disgnfly/inc/function-admin.php on line 39
[01-Oct-2019 19:45:01 UTC] PHP Parse error:  syntax error, unexpected ')' in /var/www/htdocs/wp-content/themes/disgnfly/inc/function-admin.php on line 39
[01-Oct-2019 19:45:05 UTC] PHP Parse error:  syntax error, unexpected ')' in /var/www/htdocs/wp-content/themes/disgnfly/inc/function-admin.php on line 39
[02-Oct-2019 21:28:04 UTC] PHP Warning:  An unexpected error occurred. Something may be wrong with WordPress.org or this server&#8217;s configuration. If you continue to have problems, please try the <a href="https://wordpress.org/support/">support forums</a>. (WordPress could not establish a secure connection to WordPress.org. Please contact your server administrator.) in /var/www/htdocs/wp-includes/update.php on line 160
[02-Oct-2019 21:28:25 UTC] PHP Warning:  An unexpected error occurred. Something may be wrong with WordPress.org or this server&#8217;s configuration. If you continue to have problems, please try the <a href="https://wordpress.org/support/">support forums</a>. (WordPress could not establish a secure connection to WordPress.org. Please contact your server administrator.) in /var/www/htdocs/wp-includes/update.php on line 384
[02-Oct-2019 21:28:47 UTC] PHP Warning:  An unexpected error occurred. Something may be wrong with WordPress.org or this server&#8217;s configuration. If you continue to have problems, please try the <a href="https://wordpress.org/support/">support forums</a>. (WordPress could not establish a secure connection to WordPress.org. Please contact your server administrator.) in /var/www/htdocs/wp-includes/update.php on line 569
[06-Oct-2019 07:29:07 UTC] PHP Warning:  An unexpected error occurred. Something may be wrong with WordPress.org or this server&#8217;s configuration. If you continue to have problems, please try the <a href="https://wordpress.org/support/">support forums</a>. (WordPress could not establish a secure connection to WordPress.org. Please contact your server administrator.) in /var/www/htdocs/wp-includes/update.php on line 160
[06-Oct-2019 07:29:28 UTC] PHP Warning:  An unexpected error occurred. Something may be wrong with WordPress.org or this server&#8217;s configuration. If you continue to have problems, please try the <a href="https://wordpress.org/support/">support forums</a>. (WordPress could not establish a secure connection to WordPress.org. Please contact your server administrator.) in /var/www/htdocs/wp-includes/update.php on line 384
[06-Oct-2019 07:29:50 UTC] PHP Warning:  An unexpected error occurred. Something may be wrong with WordPress.org or this server&#8217;s configuration. If you continue to have problems, please try the <a href="https://wordpress.org/support/">support forums</a>. (WordPress could not establish a secure connection to WordPress.org. Please contact your server administrator.) in /var/www/htdocs/wp-includes/update.php on line 569
[06-Oct-2019 08:29:34 UTC] PHP Warning:  An unexpected error occurred. Something may be wrong with WordPress.org or this server&#8217;s configuration. If you continue to have problems, please try the <a href="https://wordpress.org/support/">support forums</a>. (WordPress could not establish a secure connection to WordPress.org. Please contact your server administrator.) in /var/www/htdocs/wp-includes/update.php on line 160
[07-Oct-2019 12:55:41 UTC] PHP Warning:  An unexpected error occurred. Something may be wrong with WordPress.org or this server&#8217;s configuration. If you continue to have problems, please try the <a href="https://wordpress.org/support/">support forums</a>. (WordPress could not establish a secure connection to WordPress.org. Please contact your server administrator.) in /var/www/htdocs/wp-includes/update.php on line 160
[07-Oct-2019 12:55:43 UTC] PHP Warning:  An unexpected error occurred. Something may be wrong with WordPress.org or this server&#8217;s configuration. If you continue to have problems, please try the <a href="https://wordpress.org/support/">support forums</a>. (WordPress could not establish a secure connection to WordPress.org. Please contact your server administrator.) in /var/www/htdocs/wp-includes/update.php on line 384
[07-Oct-2019 12:55:44 UTC] PHP Warning:  An unexpected error occurred. Something may be wrong with WordPress.org or this server&#8217;s configuration. If you continue to have problems, please try the <a href="https://wordpress.org/support/">support forums</a>. (WordPress could not establish a secure connection to WordPress.org. Please contact your server administrator.) in /var/www/htdocs/wp-includes/update.php on line 569
